0 info it worked if it ends with ok
1 verbose cli [ '/home/ubuntu/.nvm/versions/node/v4.2.4/bin/node',
1 verbose cli   '/home/ubuntu/.nvm/versions/node/v4.2.4/bin/npm',
1 verbose cli   'install',
1 verbose cli   './node_modules/.bin/gulp' ]
2 info using npm@2.14.12
3 info using node@v4.2.4
4 verbose install initial load of /home/ubuntu/workspace/package.json
5 verbose readDependencies loading dependencies from /home/ubuntu/workspace/package.json
6 silly cache add args [ './node_modules/.bin/gulp', null ]
7 verbose cache add spec ./node_modules/.bin/gulp
8 silly cache add parsed spec Result {
8 silly cache add   raw: './node_modules/.bin/gulp',
8 silly cache add   scope: null,
8 silly cache add   name: null,
8 silly cache add   rawSpec: './node_modules/.bin/gulp',
8 silly cache add   spec: '/home/ubuntu/workspace/node_modules/.bin/gulp',
8 silly cache add   type: 'local' }
9 error addLocal Could not install /home/ubuntu/workspace/node_modules/.bin/gulp
10 verbose stack Error: ENOENT: no such file or directory, open '/home/ubuntu/workspace/node_modules/.bin/gulp'
10 verbose stack     at Error (native)
11 verbose cwd /home/ubuntu/workspace
12 error Linux 4.2.0-c9
13 error argv "/home/ubuntu/.nvm/versions/node/v4.2.4/bin/node" "/home/ubuntu/.nvm/versions/node/v4.2.4/bin/npm" "install" "./node_modules/.bin/gulp"
14 error node v4.2.4
15 error npm  v2.14.12
16 error path /home/ubuntu/workspace/node_modules/.bin/gulp
17 error code ENOENT
18 error errno -2
19 error syscall open
20 error enoent ENOENT: no such file or directory, open '/home/ubuntu/workspace/node_modules/.bin/gulp'
20 error enoent This is most likely not a problem with npm itself
20 error enoent and is related to npm not being able to find a file.
21 verbose exit [ -2, true ]
